<?xml version="1.0" encoding="UTF-8"?>
<testsuite xmlns:xsi="http://www.w3.org/2001/XMLSchema-instance" xsi:noNamespaceSchemaLocation="https://maven.apache.org/surefire/maven-surefire-plugin/xsd/surefire-test-report.xsd" name="com.mycompany.app.AppTest" time="0.06" tests="1" errors="0" skipped="0" failures="0">
  <properties>
    <property name="sun.desktop" value="windows"/>
    <property name="awt.toolkit" value="sun.awt.windows.WToolkit"/>
    <property name="java.specification.version" value="11"/>
    <property name="sun.cpu.isalist" value="amd64"/>
    <property name="sun.jnu.encoding" value="Cp1252"/>
    <property name="java.class.path" value="C:\Users\OMAR\Desktop\RETO4-GRUPO61\my-app\target\test-classes;C:\Users\OMAR\Desktop\RETO4-GRUPO61\my-app\target\classes;C:\Users\OMAR\.m2\repository\org\xerial\sqlite-jdbc\3.36.0.1\sqlite-jdbc-3.36.0.1.jar;C:\Users\OMAR\.m2\repository\junit\junit\4.11\junit-4.11.jar;C:\Users\OMAR\.m2\repository\org\hamcrest\hamcrest-core\1.3\hamcrest-core-1.3.jar;C:\Users\OMAR\.m2\repository\unknown\binary\AbsoluteLayout\SNAPSHOT\AbsoluteLayout-SNAPSHOT.jar;"/>
    <property name="java.vm.vendor" value="Oracle Corporation"/>
    <property name="sun.arch.data.model" value="64"/>
    <property name="user.variant" value=""/>
    <property name="java.vendor.url" value="https://openjdk.java.net/"/>
    <property name="user.timezone" value="America/Bogota"/>
    <property name="java.vm.specification.version" value="11"/>
    <property name="os.name" value="Windows 10"/>
    <property name="user.country" value="CO"/>
    <property name="sun.java.launcher" value="SUN_STANDARD"/>
    <property name="sun.boot.library.path" value="C:\Program Files\Java\jdk-11.0.15.1\bin"/>
    <property name="sun.java.command" value="C:\Users\OMAR\AppData\Local\Temp\surefire15046334999267828072\surefirebooter15404269207389850567.jar C:\Users\OMAR\AppData\Local\Temp\surefire15046334999267828072 2022-08-11T15-07-42_781-jvmRun1 surefire9363148759426820109tmp surefire_08793318101474853221tmp"/>
    <property name="jdk.debug" value="release"/>
    <property name="surefire.test.class.path" value="C:\Users\OMAR\Desktop\RETO4-GRUPO61\my-app\target\test-classes;C:\Users\OMAR\Desktop\RETO4-GRUPO61\my-app\target\classes;C:\Users\OMAR\.m2\repository\org\xerial\sqlite-jdbc\3.36.0.1\sqlite-jdbc-3.36.0.1.jar;C:\Users\OMAR\.m2\repository\junit\junit\4.11\junit-4.11.jar;C:\Users\OMAR\.m2\repository\org\hamcrest\hamcrest-core\1.3\hamcrest-core-1.3.jar;C:\Users\OMAR\.m2\repository\unknown\binary\AbsoluteLayout\SNAPSHOT\AbsoluteLayout-SNAPSHOT.jar;"/>
    <property name="sun.cpu.endian" value="little"/>
    <property name="user.home" value="C:\Users\OMAR"/>
    <property name="user.language" value="es"/>
    <property name="java.specification.vendor" value="Oracle Corporation"/>
    <property name="java.version.date" value="2022-04-22"/>
    <property name="java.home" value="C:\Program Files\Java\jdk-11.0.15.1"/>
    <property name="file.separator" value="\"/>
    <property name="basedir" value="C:\Users\OMAR\Desktop\RETO4-GRUPO61\my-app"/>
    <property name="java.vm.compressedOopsMode" value="32-bit"/>
    <property name="line.separator" value="&#10;"/>
    <property name="java.specification.name" value="Java Platform API Specification"/>
    <property name="java.vm.specification.vendor" value="Oracle Corporation"/>
    <property name="java.awt.graphicsenv" value="sun.awt.Win32GraphicsEnvironment"/>
    <property name="surefire.real.class.path" value="C:\Users\OMAR\AppData\Local\Temp\surefire15046334999267828072\surefirebooter15404269207389850567.jar"/>
    <property name="user.script" value=""/>
    <property name="sun.management.compiler" value="HotSpot 64-Bit Tiered Compilers"/>
    <property name="java.runtime.version" value="11.0.15.1+2-LTS-10"/>
    <property name="user.name" value="OMAR"/>
    <property name="path.separator" value=";"/>
    <property name="os.version" value="10.0"/>
    <property name="java.runtime.name" value="Java(TM) SE Runtime Environment"/>
    <property name="file.encoding" value="UTF-8"/>
    <property name="java.vm.name" value="Java HotSpot(TM) 64-Bit Server VM"/>
    <property name="java.vendor.version" value="18.9"/>
    <property name="maven.ext.class.path" value="C:\Program Files\NetBeans-14\netbeans\java\maven-nblib\netbeans-eventspy.jar"/>
    <property name="localRepository" value="C:\Users\OMAR\.m2\repository"/>
    <property name="java.vendor.url.bug" value="https://bugreport.java.com/bugreport/"/>
    <property name="java.io.tmpdir" value="C:\Users\OMAR\AppData\Local\Temp\"/>
    <property name="java.version" value="11.0.15.1"/>
    <property name="user.dir" value="C:\Users\OMAR\Desktop\RETO4-GRUPO61\my-app"/>
    <property name="os.arch" value="amd64"/>
    <property name="java.vm.specification.name" value="Java Virtual Machine Specification"/>
    <property name="java.awt.printerjob" value="sun.awt.windows.WPrinterJob"/>
    <property name="sun.os.patch.level" value=""/>
    <property name="java.library.path" value="C:\Program Files\Java\jdk-11.0.15.1\bin;C:\WINDOWS\Sun\Java\bin;C:\WINDOWS\system32;C:\WINDOWS;C:\Program Files\Common Files\Oracle\Java\javapath;C:\WINDOWS\system32;C:\WINDOWS;C:\WINDOWS\System32\Wbem;C:\WINDOWS\System32\WindowsPowerShell\v1.0\;C:\WINDOWS\System32\OpenSSH\;C:\Program Files (x86)\QuickTime\QTSystem\;C:\Program Files\nodejs\;C:\Users\OMAR\Downloads\Archivo\jdk-11.0.2\bin;C:\Program Files\Git\cmd;C:\Program Files (x86)\NVIDIA Corporation\PhysX\Common;C:\Program Files\NVIDIA Corporation\NVIDIA NvDLISR;C:\xampp\php;C:\composer;C:\Users\OMAR\Desktop\apache-maven-3.8.6\bin;C:\Users\OMAR\Desktop\SQLite3;C:\Users\OMAR\Desktop\SQLite3\sqlite-tools-win32-x86-3390000;C:\Program Files\MATLAB\R2022a\bin;C:\Program Files\Java\jdk-11.0.15.1;C:\Program Files\dotnet\;C:\Users\OMAR\Desktop\apache-maven-3.8.6\bin;C:\Users\OMAR\anaconda3;C:\Users\OMAR\anaconda3\Library\mingw-w64\bin;C:\Users\OMAR\anaconda3\Library\usr\bin;C:\Users\OMAR\anaconda3\Library\bin;C:\Users\OMAR\anaconda3\Scripts;C:\Users\OMAR\AppData\Local\Microsoft\WindowsApps;C:\Users\OMAR\AppData\Local\Programs\Microsoft VS Code\bin;C:\Users\OMAR\AppData\Roaming\npm;C:\Users\OMAR\AppData\Local\GitHubDesktop\bin;C:\Users\OMAR\Desktop\jdk-11.0.2\bin;C:\Users\OMAR\AppData\Roaming\Composer\vendor\bin;C:\Users\OMAR\.dotnet\tools;;."/>
    <property name="java.vendor" value="Oracle Corporation"/>
    <property name="java.vm.info" value="mixed mode"/>
    <property name="java.vm.version" value="11.0.15.1+2-LTS-10"/>
    <property name="sun.io.unicode.encoding" value="UnicodeLittle"/>
    <property name="java.class.version" value="55.0"/>
  </properties>
  <testcase name="shouldAnswerWithTrue" classname="com.mycompany.app.AppTest" time="0.003"/>
</testsuite>